  Determining projects to restore...
  All projects are up-to-date for restore.
/usr/local/share/dotnet/sdk/8.0.302/Sdks/Microsoft.NET.Sdk.Razor/targets/Sdk.Razor.CurrentVersion.targets(449,5): warning RAZORSDK1006: Detected Razor language version downgrade. This is typically caused by a reference to the Microsoft.AspNetCore.Razor.Design package. Consider removing this package reference. [/Users/nkostop/Sites/NBG/AutoCode/tempcode/ProjectName/ProjectName.csproj]
/Users/nkostop/Sites/NBG/AutoCode/tempcode/ProjectName/Implementations/APIEndpointService.cs(9,19): error CS1003: Syntax error, ',' expected [/Users/nkostop/Sites/NBG/AutoCode/tempcode/ProjectName/ProjectName.csproj]
/Users/nkostop/Sites/NBG/AutoCode/tempcode/ProjectName/Implementations/APIEndpointService.cs(9,20): error CS1002: ; expected [/Users/nkostop/Sites/NBG/AutoCode/tempcode/ProjectName/ProjectName.csproj]
/Users/nkostop/Sites/NBG/AutoCode/tempcode/ProjectName/Implementations/APIEndpointService.cs(10,19): error CS1003: Syntax error, ',' expected [/Users/nkostop/Sites/NBG/AutoCode/tempcode/ProjectName/ProjectName.csproj]
/Users/nkostop/Sites/NBG/AutoCode/tempcode/ProjectName/Implementations/APIEndpointService.cs(10,20): error CS1002: ; expected [/Users/nkostop/Sites/NBG/AutoCode/tempcode/ProjectName/ProjectName.csproj]

Build FAILED.

/usr/local/share/dotnet/sdk/8.0.302/Sdks/Microsoft.NET.Sdk.Razor/targets/Sdk.Razor.CurrentVersion.targets(449,5): warning RAZORSDK1006: Detected Razor language version downgrade. This is typically caused by a reference to the Microsoft.AspNetCore.Razor.Design package. Consider removing this package reference. [/Users/nkostop/Sites/NBG/AutoCode/tempcode/ProjectName/ProjectName.csproj]
/Users/nkostop/Sites/NBG/AutoCode/tempcode/ProjectName/Implementations/APIEndpointService.cs(9,19): error CS1003: Syntax error, ',' expected [/Users/nkostop/Sites/NBG/AutoCode/tempcode/ProjectName/ProjectName.csproj]
/Users/nkostop/Sites/NBG/AutoCode/tempcode/ProjectName/Implementations/APIEndpointService.cs(9,20): error CS1002: ; expected [/Users/nkostop/Sites/NBG/AutoCode/tempcode/ProjectName/ProjectName.csproj]
/Users/nkostop/Sites/NBG/AutoCode/tempcode/ProjectName/Implementations/APIEndpointService.cs(10,19): error CS1003: Syntax error, ',' expected [/Users/nkostop/Sites/NBG/AutoCode/tempcode/ProjectName/ProjectName.csproj]
/Users/nkostop/Sites/NBG/AutoCode/tempcode/ProjectName/Implementations/APIEndpointService.cs(10,20): error CS1002: ; expected [/Users/nkostop/Sites/NBG/AutoCode/tempcode/ProjectName/ProjectName.csproj]
    1 Warning(s)
    4 Error(s)

Time Elapsed 00:00:00.96
